<?xml version="1.0" encoding="UTF-8"?>
<!-- Generated by org.testng.reporters.JUnitReportReporter -->
<testsuite hostname="MacBook-Pro-2.attlocal.net" failures="0" tests="1" name="sfdc.tests.Opportunity" time="12.361" errors="0" timestamp="2022-09-18T10:15:40 GMT-05:00" skipped="0">
  <testcase classname="sfdc.tests.Opportunity" name="TC19" time="12.361"/>
  <system-out/>
</testsuite> <!-- sfdc.tests.Opportunity -->
