<?xml version="1.0" encoding="UTF-8"?>
<!-- Generated by org.testng.reporters.JUnitReportReporter -->
<testsuite hostname="MacBook-Pro-2.attlocal.net" failures="0" tests="1" name="sfdc.tests.Contacts" time="13.749" errors="0" timestamp="2022-09-23T22:09:42 CDT" skipped="0">
  <testcase classname="sfdc.tests.Contacts" name="TC31" time="13.749"/>
  <system-out/>
</testsuite> <!-- sfdc.tests.Contacts -->
